2025-04-11 18:22:51,101 - solana_scanner - INFO - Client connected. Total connections: 1
2025-04-11 18:23:32,408 - solana_scanner - INFO - Client disconnected. Total connections: 0
2025-04-11 18:23:32,895 - solana_scanner - INFO - Client connected. Total connections: 1
2025-04-11 18:32:19,592 - solana_scanner - INFO - Client disconnected. Total connections: 0
2025-04-12 04:07:59,460 - solana_scanner - INFO - Client connected. Total connections: 1
2025-04-12 04:31:27,308 - solana_scanner - ERROR - Error getting balance for Gh9ZwEmdLJ8DscKNTkTqPbNwLNNBjuSzaG9Vp2KGtKJr: HTTPSConnectionPool(host='api.mainnet-beta.solana.com', port=443): Max retries exceeded with url: / (Caused by NameResolutionError("<urllib3.connection.HTTPSConnection object at 0x00000180063BC410>: Failed to resolve 'api.mainnet-beta.solana.com' ([Errno 11001] getaddrinfo failed)"))
2025-04-12 04:31:27,316 - solana_scanner - ERROR - Error getting balance for 6vMTez1sMiDvpKpjL4jjzksn6Z8kWZRJ9MZxQT9ZgDNw: HTTPSConnectionPool(host='api.mainnet-beta.solana.com', port=443): Max retries exceeded with url: / (Caused by NameResolutionError("<urllib3.connection.HTTPSConnection object at 0x00000180063BE490>: Failed to resolve 'api.mainnet-beta.solana.com' ([Errno 11001] getaddrinfo failed)"))
2025-04-12 04:31:27,319 - solana_scanner - ERROR - Error getting balance for 5omQJtDUHA3gMFdHEQg1zZSvcBUVzey5WaKWYRmqF1Uh: HTTPSConnectionPool(host='api.mainnet-beta.solana.com', port=443): Max retries exceeded with url: / (Caused by NameResolutionError("<urllib3.connection.HTTPSConnection object at 0x00000180063BCA50>: Failed to resolve 'api.mainnet-beta.solana.com' ([Errno 11001] getaddrinfo failed)"))
2025-04-12 04:32:27,324 - solana_scanner - ERROR - Error getting balance for Gh9ZwEmdLJ8DscKNTkTqPbNwLNNBjuSzaG9Vp2KGtKJr: HTTPSConnectionPool(host='api.mainnet-beta.solana.com', port=443): Max retries exceeded with url: / (Caused by NameResolutionError("<urllib3.connection.HTTPSConnection object at 0x00000180063BD590>: Failed to resolve 'api.mainnet-beta.solana.com' ([Errno 11001] getaddrinfo failed)"))
2025-04-12 04:32:27,327 - solana_scanner - ERROR - Error getting balance for 6vMTez1sMiDvpKpjL4jjzksn6Z8kWZRJ9MZxQT9ZgDNw: HTTPSConnectionPool(host='api.mainnet-beta.solana.com', port=443): Max retries exceeded with url: / (Caused by NameResolutionError("<urllib3.connection.HTTPSConnection object at 0x00000180063BDE50>: Failed to resolve 'api.mainnet-beta.solana.com' ([Errno 11001] getaddrinfo failed)"))
2025-04-12 04:32:27,330 - solana_scanner - ERROR - Error getting balance for 5omQJtDUHA3gMFdHEQg1zZSvcBUVzey5WaKWYRmqF1Uh: HTTPSConnectionPool(host='api.mainnet-beta.solana.com', port=443): Max retries exceeded with url: / (Caused by NameResolutionError("<urllib3.connection.HTTPSConnection object at 0x00000180063BCF50>: Failed to resolve 'api.mainnet-beta.solana.com' ([Errno 11001] getaddrinfo failed)"))
2025-04-12 04:33:27,335 - solana_scanner - ERROR - Error getting balance for Gh9ZwEmdLJ8DscKNTkTqPbNwLNNBjuSzaG9Vp2KGtKJr: HTTPSConnectionPool(host='api.mainnet-beta.solana.com', port=443): Max retries exceeded with url: / (Caused by NameResolutionError("<urllib3.connection.HTTPSConnection object at 0x00000180063BDA90>: Failed to resolve 'api.mainnet-beta.solana.com' ([Errno 11001] getaddrinfo failed)"))
2025-04-12 04:33:27,338 - solana_scanner - ERROR - Error getting balance for 6vMTez1sMiDvpKpjL4jjzksn6Z8kWZRJ9MZxQT9ZgDNw: HTTPSConnectionPool(host='api.mainnet-beta.solana.com', port=443): Max retries exceeded with url: / (Caused by NameResolutionError("<urllib3.connection.HTTPSConnection object at 0x00000180063BE990>: Failed to resolve 'api.mainnet-beta.solana.com' ([Errno 11001] getaddrinfo failed)"))
2025-04-12 04:33:27,341 - solana_scanner - ERROR - Error getting balance for 5omQJtDUHA3gMFdHEQg1zZSvcBUVzey5WaKWYRmqF1Uh: HTTPSConnectionPool(host='api.mainnet-beta.solana.com', port=443): Max retries exceeded with url: / (Caused by NameResolutionError("<urllib3.connection.HTTPSConnection object at 0x00000180063BED50>: Failed to resolve 'api.mainnet-beta.solana.com' ([Errno 11001] getaddrinfo failed)"))
2025-04-12 04:34:27,346 - solana_scanner - ERROR - Error getting balance for Gh9ZwEmdLJ8DscKNTkTqPbNwLNNBjuSzaG9Vp2KGtKJr: HTTPSConnectionPool(host='api.mainnet-beta.solana.com', port=443): Max retries exceeded with url: / (Caused by NameResolutionError("<urllib3.connection.HTTPSConnection object at 0x00000180063BF110>: Failed to resolve 'api.mainnet-beta.solana.com' ([Errno 11001] getaddrinfo failed)"))
2025-04-12 04:34:27,350 - solana_scanner - ERROR - Error getting balance for 6vMTez1sMiDvpKpjL4jjzksn6Z8kWZRJ9MZxQT9ZgDNw: HTTPSConnectionPool(host='api.mainnet-beta.solana.com', port=443): Max retries exceeded with url: / (Caused by NameResolutionError("<urllib3.connection.HTTPSConnection object at 0x00000180063BF4D0>: Failed to resolve 'api.mainnet-beta.solana.com' ([Errno 11001] getaddrinfo failed)"))
2025-04-12 04:34:27,356 - solana_scanner - ERROR - Error getting balance for 5omQJtDUHA3gMFdHEQg1zZSvcBUVzey5WaKWYRmqF1Uh: HTTPSConnectionPool(host='api.mainnet-beta.solana.com', port=443): Max retries exceeded with url: / (Caused by NameResolutionError("<urllib3.connection.HTTPSConnection object at 0x00000180063BF750>: Failed to resolve 'api.mainnet-beta.solana.com' ([Errno 11001] getaddrinfo failed)"))
2025-04-12 04:35:27,360 - solana_scanner - ERROR - Error getting balance for Gh9ZwEmdLJ8DscKNTkTqPbNwLNNBjuSzaG9Vp2KGtKJr: HTTPSConnectionPool(host='api.mainnet-beta.solana.com', port=443): Max retries exceeded with url: / (Caused by NameResolutionError("<urllib3.connection.HTTPSConnection object at 0x00000180063BF390>: Failed to resolve 'api.mainnet-beta.solana.com' ([Errno 11001] getaddrinfo failed)"))
2025-04-12 04:35:27,365 - solana_scanner - ERROR - Error getting balance for 6vMTez1sMiDvpKpjL4jjzksn6Z8kWZRJ9MZxQT9ZgDNw: HTTPSConnectionPool(host='api.mainnet-beta.solana.com', port=443): Max retries exceeded with url: / (Caused by NameResolutionError("<urllib3.connection.HTTPSConnection object at 0x00000180063BEFD0>: Failed to resolve 'api.mainnet-beta.solana.com' ([Errno 11001] getaddrinfo failed)"))
2025-04-12 04:35:27,368 - solana_scanner - ERROR - Error getting balance for 5omQJtDUHA3gMFdHEQg1zZSvcBUVzey5WaKWYRmqF1Uh: HTTPSConnectionPool(host='api.mainnet-beta.solana.com', port=443): Max retries exceeded with url: / (Caused by NameResolutionError("<urllib3.connection.HTTPSConnection object at 0x00000180063BEC10>: Failed to resolve 'api.mainnet-beta.solana.com' ([Errno 11001] getaddrinfo failed)"))
2025-04-12 04:36:27,372 - solana_scanner - ERROR - Error getting balance for Gh9ZwEmdLJ8DscKNTkTqPbNwLNNBjuSzaG9Vp2KGtKJr: HTTPSConnectionPool(host='api.mainnet-beta.solana.com', port=443): Max retries exceeded with url: / (Caused by NameResolutionError("<urllib3.connection.HTTPSConnection object at 0x00000180063BE850>: Failed to resolve 'api.mainnet-beta.solana.com' ([Errno 11001] getaddrinfo failed)"))
2025-04-12 04:36:27,375 - solana_scanner - ERROR - Error getting balance for 6vMTez1sMiDvpKpjL4jjzksn6Z8kWZRJ9MZxQT9ZgDNw: HTTPSConnectionPool(host='api.mainnet-beta.solana.com', port=443): Max retries exceeded with url: / (Caused by NameResolutionError("<urllib3.connection.HTTPSConnection object at 0x00000180063BCE10>: Failed to resolve 'api.mainnet-beta.solana.com' ([Errno 11001] getaddrinfo failed)"))
2025-04-12 04:36:27,378 - solana_scanner - ERROR - Error getting balance for 5omQJtDUHA3gMFdHEQg1zZSvcBUVzey5WaKWYRmqF1Uh: HTTPSConnectionPool(host='api.mainnet-beta.solana.com', port=443): Max retries exceeded with url: / (Caused by NameResolutionError("<urllib3.connection.HTTPSConnection object at 0x00000180063BCCD0>: Failed to resolve 'api.mainnet-beta.solana.com' ([Errno 11001] getaddrinfo failed)"))
2025-04-12 04:37:27,382 - solana_scanner - ERROR - Error getting balance for Gh9ZwEmdLJ8DscKNTkTqPbNwLNNBjuSzaG9Vp2KGtKJr: HTTPSConnectionPool(host='api.mainnet-beta.solana.com', port=443): Max retries exceeded with url: / (Caused by NameResolutionError("<urllib3.connection.HTTPSConnection object at 0x00000180063BD310>: Failed to resolve 'api.mainnet-beta.solana.com' ([Errno 11001] getaddrinfo failed)"))
2025-04-12 04:37:27,385 - solana_scanner - ERROR - Error getting balance for 6vMTez1sMiDvpKpjL4jjzksn6Z8kWZRJ9MZxQT9ZgDNw: HTTPSConnectionPool(host='api.mainnet-beta.solana.com', port=443): Max retries exceeded with url: / (Caused by NameResolutionError("<urllib3.connection.HTTPSConnection object at 0x00000180063BD1D0>: Failed to resolve 'api.mainnet-beta.solana.com' ([Errno 11001] getaddrinfo failed)"))
2025-04-12 04:37:27,389 - solana_scanner - ERROR - Error getting balance for 5omQJtDUHA3gMFdHEQg1zZSvcBUVzey5WaKWYRmqF1Uh: HTTPSConnectionPool(host='api.mainnet-beta.solana.com', port=443): Max retries exceeded with url: / (Caused by NameResolutionError("<urllib3.connection.HTTPSConnection object at 0x00000180063BD450>: Failed to resolve 'api.mainnet-beta.solana.com' ([Errno 11001] getaddrinfo failed)"))
2025-04-12 04:38:27,392 - solana_scanner - ERROR - Error getting balance for Gh9ZwEmdLJ8DscKNTkTqPbNwLNNBjuSzaG9Vp2KGtKJr: HTTPSConnectionPool(host='api.mainnet-beta.solana.com', port=443): Max retries exceeded with url: / (Caused by NameResolutionError("<urllib3.connection.HTTPSConnection object at 0x00000180063BE350>: Failed to resolve 'api.mainnet-beta.solana.com' ([Errno 11001] getaddrinfo failed)"))
2025-04-12 04:38:27,396 - solana_scanner - ERROR - Error getting balance for 6vMTez1sMiDvpKpjL4jjzksn6Z8kWZRJ9MZxQT9ZgDNw: HTTPSConnectionPool(host='api.mainnet-beta.solana.com', port=443): Max retries exceeded with url: / (Caused by NameResolutionError("<urllib3.connection.HTTPSConnection object at 0x00000180063BF890>: Failed to resolve 'api.mainnet-beta.solana.com' ([Errno 11001] getaddrinfo failed)"))
2025-04-12 04:38:27,400 - solana_scanner - ERROR - Error getting balance for 5omQJtDUHA3gMFdHEQg1zZSvcBUVzey5WaKWYRmqF1Uh: HTTPSConnectionPool(host='api.mainnet-beta.solana.com', port=443): Max retries exceeded with url: / (Caused by NameResolutionError("<urllib3.connection.HTTPSConnection object at 0x00000180063BFC50>: Failed to resolve 'api.mainnet-beta.solana.com' ([Errno 11001] getaddrinfo failed)"))
2025-04-12 04:39:27,403 - solana_scanner - ERROR - Error getting balance for Gh9ZwEmdLJ8DscKNTkTqPbNwLNNBjuSzaG9Vp2KGtKJr: HTTPSConnectionPool(host='api.mainnet-beta.solana.com', port=443): Max retries exceeded with url: / (Caused by NameResolutionError("<urllib3.connection.HTTPSConnection object at 0x0000018007540050>: Failed to resolve 'api.mainnet-beta.solana.com' ([Errno 11001] getaddrinfo failed)"))
2025-04-12 04:39:27,405 - solana_scanner - ERROR - Error getting balance for 6vMTez1sMiDvpKpjL4jjzksn6Z8kWZRJ9MZxQT9ZgDNw: HTTPSConnectionPool(host='api.mainnet-beta.solana.com', port=443): Max retries exceeded with url: / (Caused by NameResolutionError("<urllib3.connection.HTTPSConnection object at 0x0000018007540410>: Failed to resolve 'api.mainnet-beta.solana.com' ([Errno 11001] getaddrinfo failed)"))
2025-04-12 04:39:27,408 - solana_scanner - ERROR - Error getting balance for 5omQJtDUHA3gMFdHEQg1zZSvcBUVzey5WaKWYRmqF1Uh: HTTPSConnectionPool(host='api.mainnet-beta.solana.com', port=443): Max retries exceeded with url: / (Caused by NameResolutionError("<urllib3.connection.HTTPSConnection object at 0x00000180075407D0>: Failed to resolve 'api.mainnet-beta.solana.com' ([Errno 11001] getaddrinfo failed)"))
2025-04-12 04:40:27,412 - solana_scanner - ERROR - Error getting balance for Gh9ZwEmdLJ8DscKNTkTqPbNwLNNBjuSzaG9Vp2KGtKJr: HTTPSConnectionPool(host='api.mainnet-beta.solana.com', port=443): Max retries exceeded with url: / (Caused by NameResolutionError("<urllib3.connection.HTTPSConnection object at 0x00000180063BFED0>: Failed to resolve 'api.mainnet-beta.solana.com' ([Errno 11001] getaddrinfo failed)"))
2025-04-12 04:40:27,417 - solana_scanner - ERROR - Error getting balance for 6vMTez1sMiDvpKpjL4jjzksn6Z8kWZRJ9MZxQT9ZgDNw: HTTPSConnectionPool(host='api.mainnet-beta.solana.com', port=443): Max retries exceeded with url: / (Caused by NameResolutionError("<urllib3.connection.HTTPSConnection object at 0x00000180063BFB10>: Failed to resolve 'api.mainnet-beta.solana.com' ([Errno 11001] getaddrinfo failed)"))
2025-04-12 04:40:27,419 - solana_scanner - ERROR - Error getting balance for 5omQJtDUHA3gMFdHEQg1zZSvcBUVzey5WaKWYRmqF1Uh: HTTPSConnectionPool(host='api.mainnet-beta.solana.com', port=443): Max retries exceeded with url: / (Caused by NameResolutionError("<urllib3.connection.HTTPSConnection object at 0x00000180063BCB90>: Failed to resolve 'api.mainnet-beta.solana.com' ([Errno 11001] getaddrinfo failed)"))
2025-04-12 04:41:27,423 - solana_scanner - ERROR - Error getting balance for Gh9ZwEmdLJ8DscKNTkTqPbNwLNNBjuSzaG9Vp2KGtKJr: HTTPSConnectionPool(host='api.mainnet-beta.solana.com', port=443): Max retries exceeded with url: / (Caused by NameResolutionError("<urllib3.connection.HTTPSConnection object at 0x00000180063BE5D0>: Failed to resolve 'api.mainnet-beta.solana.com' ([Errno 11001] getaddrinfo failed)"))
2025-04-12 04:41:27,426 - solana_scanner - ERROR - Error getting balance for 6vMTez1sMiDvpKpjL4jjzksn6Z8kWZRJ9MZxQT9ZgDNw: HTTPSConnectionPool(host='api.mainnet-beta.solana.com', port=443): Max retries exceeded with url: / (Caused by NameResolutionError("<urllib3.connection.HTTPSConnection object at 0x00000180063BD950>: Failed to resolve 'api.mainnet-beta.solana.com' ([Errno 11001] getaddrinfo failed)"))
2025-04-12 04:41:27,431 - solana_scanner - ERROR - Error getting balance for 5omQJtDUHA3gMFdHEQg1zZSvcBUVzey5WaKWYRmqF1Uh: HTTPSConnectionPool(host='api.mainnet-beta.solana.com', port=443): Max retries exceeded with url: / (Caused by NameResolutionError("<urllib3.connection.HTTPSConnection object at 0x00000180063BD810>: Failed to resolve 'api.mainnet-beta.solana.com' ([Errno 11001] getaddrinfo failed)"))
2025-04-12 04:42:27,435 - solana_scanner - ERROR - Error getting balance for Gh9ZwEmdLJ8DscKNTkTqPbNwLNNBjuSzaG9Vp2KGtKJr: HTTPSConnectionPool(host='api.mainnet-beta.solana.com', port=443): Max retries exceeded with url: / (Caused by NameResolutionError("<urllib3.connection.HTTPSConnection object at 0x00000180063BD6D0>: Failed to resolve 'api.mainnet-beta.solana.com' ([Errno 11001] getaddrinfo failed)"))
2025-04-12 04:42:27,440 - solana_scanner - ERROR - Error getting balance for 6vMTez1sMiDvpKpjL4jjzksn6Z8kWZRJ9MZxQT9ZgDNw: HTTPSConnectionPool(host='api.mainnet-beta.solana.com', port=443): Max retries exceeded with url: / (Caused by NameResolutionError("<urllib3.connection.HTTPSConnection object at 0x00000180063BD090>: Failed to resolve 'api.mainnet-beta.solana.com' ([Errno 11001] getaddrinfo failed)"))
2025-04-12 04:42:27,447 - solana_scanner - ERROR - Error getting balance for 5omQJtDUHA3gMFdHEQg1zZSvcBUVzey5WaKWYRmqF1Uh: HTTPSConnectionPool(host='api.mainnet-beta.solana.com', port=443): Max retries exceeded with url: / (Caused by NameResolutionError("<urllib3.connection.HTTPSConnection object at 0x00000180063BE710>: Failed to resolve 'api.mainnet-beta.solana.com' ([Errno 11001] getaddrinfo failed)"))
2025-04-12 04:43:27,453 - solana_scanner - ERROR - Error getting balance for Gh9ZwEmdLJ8DscKNTkTqPbNwLNNBjuSzaG9Vp2KGtKJr: HTTPSConnectionPool(host='api.mainnet-beta.solana.com', port=443): Max retries exceeded with url: / (Caused by NameResolutionError("<urllib3.connection.HTTPSConnection object at 0x00000180063BEAD0>: Failed to resolve 'api.mainnet-beta.solana.com' ([Errno 11001] getaddrinfo failed)"))
2025-04-12 04:43:27,458 - solana_scanner - ERROR - Error getting balance for 6vMTez1sMiDvpKpjL4jjzksn6Z8kWZRJ9MZxQT9ZgDNw: HTTPSConnectionPool(host='api.mainnet-beta.solana.com', port=443): Max retries exceeded with url: / (Caused by NameResolutionError("<urllib3.connection.HTTPSConnection object at 0x00000180063BEE90>: Failed to resolve 'api.mainnet-beta.solana.com' ([Errno 11001] getaddrinfo failed)"))
2025-04-12 04:43:27,461 - solana_scanner - ERROR - Error getting balance for 5omQJtDUHA3gMFdHEQg1zZSvcBUVzey5WaKWYRmqF1Uh: HTTPSConnectionPool(host='api.mainnet-beta.solana.com', port=443): Max retries exceeded with url: / (Caused by NameResolutionError("<urllib3.connection.HTTPSConnection object at 0x00000180063BF250>: Failed to resolve 'api.mainnet-beta.solana.com' ([Errno 11001] getaddrinfo failed)"))
2025-04-12 04:44:27,469 - solana_scanner - ERROR - Error getting balance for Gh9ZwEmdLJ8DscKNTkTqPbNwLNNBjuSzaG9Vp2KGtKJr: HTTPSConnectionPool(host='api.mainnet-beta.solana.com', port=443): Max retries exceeded with url: / (Caused by NameResolutionError("<urllib3.connection.HTTPSConnection object at 0x00000180063BF610>: Failed to resolve 'api.mainnet-beta.solana.com' ([Errno 11001] getaddrinfo failed)"))
2025-04-12 04:44:27,475 - solana_scanner - ERROR - Error getting balance for 6vMTez1sMiDvpKpjL4jjzksn6Z8kWZRJ9MZxQT9ZgDNw: HTTPSConnectionPool(host='api.mainnet-beta.solana.com', port=443): Max retries exceeded with url: / (Caused by NameResolutionError("<urllib3.connection.HTTPSConnection object at 0x000001800751C050>: Failed to resolve 'api.mainnet-beta.solana.com' ([Errno 11001] getaddrinfo failed)"))
2025-04-12 04:44:27,480 - solana_scanner - ERROR - Error getting balance for 5omQJtDUHA3gMFdHEQg1zZSvcBUVzey5WaKWYRmqF1Uh: HTTPSConnectionPool(host='api.mainnet-beta.solana.com', port=443): Max retries exceeded with url: / (Caused by NameResolutionError("<urllib3.connection.HTTPSConnection object at 0x000001800751C410>: Failed to resolve 'api.mainnet-beta.solana.com' ([Errno 11001] getaddrinfo failed)"))
2025-04-12 04:45:27,487 - solana_scanner - ERROR - Error getting balance for Gh9ZwEmdLJ8DscKNTkTqPbNwLNNBjuSzaG9Vp2KGtKJr: HTTPSConnectionPool(host='api.mainnet-beta.solana.com', port=443): Max retries exceeded with url: / (Caused by NameResolutionError("<urllib3.connection.HTTPSConnection object at 0x000001800751C7D0>: Failed to resolve 'api.mainnet-beta.solana.com' ([Errno 11001] getaddrinfo failed)"))
2025-04-12 04:45:27,493 - solana_scanner - ERROR - Error getting balance for 6vMTez1sMiDvpKpjL4jjzksn6Z8kWZRJ9MZxQT9ZgDNw: HTTPSConnectionPool(host='api.mainnet-beta.solana.com', port=443): Max retries exceeded with url: / (Caused by NameResolutionError("<urllib3.connection.HTTPSConnection object at 0x000001800751CB90>: Failed to resolve 'api.mainnet-beta.solana.com' ([Errno 11001] getaddrinfo failed)"))
2025-04-12 04:45:27,499 - solana_scanner - ERROR - Error getting balance for 5omQJtDUHA3gMFdHEQg1zZSvcBUVzey5WaKWYRmqF1Uh: HTTPSConnectionPool(host='api.mainnet-beta.solana.com', port=443): Max retries exceeded with url: / (Caused by NameResolutionError("<urllib3.connection.HTTPSConnection object at 0x00000180063BF610>: Failed to resolve 'api.mainnet-beta.solana.com' ([Errno 11001] getaddrinfo failed)"))
2025-04-12 04:46:27,506 - solana_scanner - ERROR - Error getting balance for Gh9ZwEmdLJ8DscKNTkTqPbNwLNNBjuSzaG9Vp2KGtKJr: HTTPSConnectionPool(host='api.mainnet-beta.solana.com', port=443): Max retries exceeded with url: / (Caused by NameResolutionError("<urllib3.connection.HTTPSConnection object at 0x00000180063BF250>: Failed to resolve 'api.mainnet-beta.solana.com' ([Errno 11001] getaddrinfo failed)"))
2025-04-12 04:46:27,510 - solana_scanner - ERROR - Error getting balance for 6vMTez1sMiDvpKpjL4jjzksn6Z8kWZRJ9MZxQT9ZgDNw: HTTPSConnectionPool(host='api.mainnet-beta.solana.com', port=443): Max retries exceeded with url: / (Caused by NameResolutionError("<urllib3.connection.HTTPSConnection object at 0x00000180063BEE90>: Failed to resolve 'api.mainnet-beta.solana.com' ([Errno 11001] getaddrinfo failed)"))
2025-04-12 04:46:27,516 - solana_scanner - ERROR - Error getting balance for 5omQJtDUHA3gMFdHEQg1zZSvcBUVzey5WaKWYRmqF1Uh: HTTPSConnectionPool(host='api.mainnet-beta.solana.com', port=443): Max retries exceeded with url: / (Caused by NameResolutionError("<urllib3.connection.HTTPSConnection object at 0x00000180063BEAD0>: Failed to resolve 'api.mainnet-beta.solana.com' ([Errno 11001] getaddrinfo failed)"))
2025-04-12 04:47:27,521 - solana_scanner - ERROR - Error getting balance for Gh9ZwEmdLJ8DscKNTkTqPbNwLNNBjuSzaG9Vp2KGtKJr: HTTPSConnectionPool(host='api.mainnet-beta.solana.com', port=443): Max retries exceeded with url: / (Caused by NameResolutionError("<urllib3.connection.HTTPSConnection object at 0x00000180063BE710>: Failed to resolve 'api.mainnet-beta.solana.com' ([Errno 11001] getaddrinfo failed)"))
2025-04-12 04:47:27,527 - solana_scanner - ERROR - Error getting balance for 6vMTez1sMiDvpKpjL4jjzksn6Z8kWZRJ9MZxQT9ZgDNw: HTTPSConnectionPool(host='api.mainnet-beta.solana.com', port=443): Max retries exceeded with url: / (Caused by NameResolutionError("<urllib3.connection.HTTPSConnection object at 0x00000180063BD090>: Failed to resolve 'api.mainnet-beta.solana.com' ([Errno 11001] getaddrinfo failed)"))
2025-04-12 04:47:27,532 - solana_scanner - ERROR - Error getting balance for 5omQJtDUHA3gMFdHEQg1zZSvcBUVzey5WaKWYRmqF1Uh: HTTPSConnectionPool(host='api.mainnet-beta.solana.com', port=443): Max retries exceeded with url: / (Caused by NameResolutionError("<urllib3.connection.HTTPSConnection object at 0x00000180063BD6D0>: Failed to resolve 'api.mainnet-beta.solana.com' ([Errno 11001] getaddrinfo failed)"))
2025-04-12 04:48:27,539 - solana_scanner - ERROR - Error getting balance for Gh9ZwEmdLJ8DscKNTkTqPbNwLNNBjuSzaG9Vp2KGtKJr: HTTPSConnectionPool(host='api.mainnet-beta.solana.com', port=443): Max retries exceeded with url: / (Caused by NameResolutionError("<urllib3.connection.HTTPSConnection object at 0x00000180063BD810>: Failed to resolve 'api.mainnet-beta.solana.com' ([Errno 11001] getaddrinfo failed)"))
2025-04-12 04:48:27,545 - solana_scanner - ERROR - Error getting balance for 6vMTez1sMiDvpKpjL4jjzksn6Z8kWZRJ9MZxQT9ZgDNw: HTTPSConnectionPool(host='api.mainnet-beta.solana.com', port=443): Max retries exceeded with url: / (Caused by NameResolutionError("<urllib3.connection.HTTPSConnection object at 0x00000180063BD950>: Failed to resolve 'api.mainnet-beta.solana.com' ([Errno 11001] getaddrinfo failed)"))
2025-04-12 04:48:27,550 - solana_scanner - ERROR - Error getting balance for 5omQJtDUHA3gMFdHEQg1zZSvcBUVzey5WaKWYRmqF1Uh: HTTPSConnectionPool(host='api.mainnet-beta.solana.com', port=443): Max retries exceeded with url: / (Caused by NameResolutionError("<urllib3.connection.HTTPSConnection object at 0x00000180063BE5D0>: Failed to resolve 'api.mainnet-beta.solana.com' ([Errno 11001] getaddrinfo failed)"))
2025-04-12 04:49:27,557 - solana_scanner - ERROR - Error getting balance for Gh9ZwEmdLJ8DscKNTkTqPbNwLNNBjuSzaG9Vp2KGtKJr: HTTPSConnectionPool(host='api.mainnet-beta.solana.com', port=443): Max retries exceeded with url: / (Caused by NameResolutionError("<urllib3.connection.HTTPSConnection object at 0x00000180063BCB90>: Failed to resolve 'api.mainnet-beta.solana.com' ([Errno 11001] getaddrinfo failed)"))
2025-04-12 04:49:27,562 - solana_scanner - ERROR - Error getting balance for 6vMTez1sMiDvpKpjL4jjzksn6Z8kWZRJ9MZxQT9ZgDNw: HTTPSConnectionPool(host='api.mainnet-beta.solana.com', port=443): Max retries exceeded with url: / (Caused by NameResolutionError("<urllib3.connection.HTTPSConnection object at 0x00000180063BFB10>: Failed to resolve 'api.mainnet-beta.solana.com' ([Errno 11001] getaddrinfo failed)"))
2025-04-12 04:49:27,567 - solana_scanner - ERROR - Error getting balance for 5omQJtDUHA3gMFdHEQg1zZSvcBUVzey5WaKWYRmqF1Uh: HTTPSConnectionPool(host='api.mainnet-beta.solana.com', port=443): Max retries exceeded with url: / (Caused by NameResolutionError("<urllib3.connection.HTTPSConnection object at 0x00000180063BFED0>: Failed to resolve 'api.mainnet-beta.solana.com' ([Errno 11001] getaddrinfo failed)"))
2025-04-12 04:50:27,574 - solana_scanner - ERROR - Error getting balance for Gh9ZwEmdLJ8DscKNTkTqPbNwLNNBjuSzaG9Vp2KGtKJr: HTTPSConnectionPool(host='api.mainnet-beta.solana.com', port=443): Max retries exceeded with url: / (Caused by NameResolutionError("<urllib3.connection.HTTPSConnection object at 0x000001800751C7D0>: Failed to resolve 'api.mainnet-beta.solana.com' ([Errno 11001] getaddrinfo failed)"))
2025-04-12 04:50:27,580 - solana_scanner - ERROR - Error getting balance for 6vMTez1sMiDvpKpjL4jjzksn6Z8kWZRJ9MZxQT9ZgDNw: HTTPSConnectionPool(host='api.mainnet-beta.solana.com', port=443): Max retries exceeded with url: / (Caused by NameResolutionError("<urllib3.connection.HTTPSConnection object at 0x000001800751C410>: Failed to resolve 'api.mainnet-beta.solana.com' ([Errno 11001] getaddrinfo failed)"))
2025-04-12 04:50:27,585 - solana_scanner - ERROR - Error getting balance for 5omQJtDUHA3gMFdHEQg1zZSvcBUVzey5WaKWYRmqF1Uh: HTTPSConnectionPool(host='api.mainnet-beta.solana.com', port=443): Max retries exceeded with url: / (Caused by NameResolutionError("<urllib3.connection.HTTPSConnection object at 0x000001800751C050>: Failed to resolve 'api.mainnet-beta.solana.com' ([Errno 11001] getaddrinfo failed)"))
2025-04-12 04:51:27,621 - solana_scanner - ERROR - Error getting balance for Gh9ZwEmdLJ8DscKNTkTqPbNwLNNBjuSzaG9Vp2KGtKJr: HTTPSConnectionPool(host='api.mainnet-beta.solana.com', port=443): Max retries exceeded with url: / (Caused by NameResolutionError("<urllib3.connection.HTTPSConnection object at 0x00000180063BFED0>: Failed to resolve 'api.mainnet-beta.solana.com' ([Errno 11001] getaddrinfo failed)"))
2025-04-12 04:51:27,631 - solana_scanner - ERROR - Error getting balance for 6vMTez1sMiDvpKpjL4jjzksn6Z8kWZRJ9MZxQT9ZgDNw: HTTPSConnectionPool(host='api.mainnet-beta.solana.com', port=443): Max retries exceeded with url: / (Caused by NameResolutionError("<urllib3.connection.HTTPSConnection object at 0x00000180063BFB10>: Failed to resolve 'api.mainnet-beta.solana.com' ([Errno 11001] getaddrinfo failed)"))
2025-04-12 04:51:27,644 - solana_scanner - ERROR - Error getting balance for 5omQJtDUHA3gMFdHEQg1zZSvcBUVzey5WaKWYRmqF1Uh: HTTPSConnectionPool(host='api.mainnet-beta.solana.com', port=443): Max retries exceeded with url: / (Caused by NameResolutionError("<urllib3.connection.HTTPSConnection object at 0x00000180063BCB90>: Failed to resolve 'api.mainnet-beta.solana.com' ([Errno 11001] getaddrinfo failed)"))
2025-04-12 08:57:48,413 - solana_scanner - INFO - Client connected. Total connections: 1
2025-04-12 09:04:38,367 - solana_scanner - INFO - Client disconnected. Total connections: 0
2025-04-12 14:13:30,473 - solana_scanner - INFO - Client connected. Total connections: 1
2025-04-12 14:40:29,728 - solana_scanner - INFO - Client disconnected. Total connections: 0
2025-04-13 08:17:43,240 - solana_scanner - ERROR - Unexpected response format: {'jsonrpc': '2.0', 'error': {'code': 429, 'message': 'Too many requests for a specific RPC call'}, 'id': 1}
2025-04-13 08:17:43,241 - solana_scanner - ERROR - Unexpected response format: {'jsonrpc': '2.0', 'error': {'code': 429, 'message': 'Too many requests for a specific RPC call'}, 'id': 1}
2025-04-13 08:17:44,059 - solana_scanner - ERROR - Unexpected response format: {'jsonrpc': '2.0', 'error': {'code': 429, 'message': 'Too many requests for a specific RPC call'}, 'id': 1}
2025-04-13 08:17:44,060 - solana_scanner - ERROR - Unexpected response format: {'jsonrpc': '2.0', 'error': {'code': 429, 'message': 'Too many requests for a specific RPC call'}, 'id': 1}
2025-04-13 08:17:44,646 - solana_scanner - ERROR - Unexpected response format for token accounts: {'jsonrpc': '2.0', 'error': {'code': 429, 'message': 'Too many requests for a specific RPC call'}, 'id': 1}
2025-04-13 08:17:44,647 - solana_scanner - ERROR - Unexpected response format for token accounts: {'jsonrpc': '2.0', 'error': {'code': 429, 'message': 'Too many requests for a specific RPC call'}, 'id': 1}
2025-04-13 08:17:45,905 - solana_scanner - ERROR - Unexpected response format: {'jsonrpc': '2.0', 'error': {'code': 429, 'message': 'Too many requests for a specific RPC call'}, 'id': 1}
2025-04-13 08:17:45,955 - solana_scanner - ERROR - Unexpected response format: {'jsonrpc': '2.0', 'error': {'code': 429, 'message': 'Too many requests for a specific RPC call'}, 'id': 1}
2025-04-13 08:17:46,697 - solana_scanner - ERROR - Unexpected response format: {'jsonrpc': '2.0', 'error': {'code': 429, 'message': 'Too many requests for a specific RPC call'}, 'id': 1}
2025-04-13 08:17:46,697 - solana_scanner - ERROR - Unexpected response format: {'jsonrpc': '2.0', 'error': {'code': 429, 'message': 'Too many requests for a specific RPC call'}, 'id': 1}
2025-04-13 08:17:47,293 - solana_scanner - ERROR - Unexpected response format for token accounts: {'jsonrpc': '2.0', 'error': {'code': 429, 'message': 'Too many requests for a specific RPC call'}, 'id': 1}
2025-04-13 08:17:48,548 - solana_scanner - ERROR - Unexpected response format: {'jsonrpc': '2.0', 'error': {'code': 429, 'message': 'Too many requests for a specific RPC call'}, 'id': 1}
2025-04-13 08:17:49,137 - solana_scanner - ERROR - Unexpected response format: {'jsonrpc': '2.0', 'error': {'code': 429, 'message': 'Too many requests for a specific RPC call'}, 'id': 1}
2025-04-13 08:17:49,772 - solana_scanner - ERROR - Unexpected response format for token accounts: {'jsonrpc': '2.0', 'error': {'code': 429, 'message': 'Too many requests for a specific RPC call'}, 'id': 1}
2025-04-13 08:17:51,022 - solana_scanner - ERROR - Unexpected response format: {'jsonrpc': '2.0', 'error': {'code': 429, 'message': 'Too many requests for a specific RPC call'}, 'id': 1}
2025-04-13 08:17:51,840 - solana_scanner - ERROR - Unexpected response format: {'jsonrpc': '2.0', 'error': {'code': 429, 'message': 'Too many requests for a specific RPC call'}, 'id': 1}
2025-04-13 08:17:52,461 - solana_scanner - ERROR - Unexpected response format for token accounts: {'jsonrpc': '2.0', 'error': {'code': 429, 'message': 'Too many requests for a specific RPC call'}, 'id': 1}
2025-04-13 08:17:53,821 - solana_scanner - ERROR - Unexpected response format: {'jsonrpc': '2.0', 'error': {'code': 429, 'message': 'Too many requests for a specific RPC call'}, 'id': 1}
2025-04-13 08:17:54,503 - solana_scanner - ERROR - Unexpected response format: {'jsonrpc': '2.0', 'error': {'code': 429, 'message': 'Too many requests for a specific RPC call'}, 'id': 1}
2025-04-13 08:17:55,118 - solana_scanner - ERROR - Unexpected response format for token accounts: {'jsonrpc': '2.0', 'error': {'code': 429, 'message': 'Too many requests for a specific RPC call'}, 'id': 1}
2025-04-13 08:17:56,852 - solana_scanner - INFO - Client connected. Total connections: 1
2025-04-13 08:18:07,740 - solana_scanner - ERROR - Error getting token accounts for 5omQJtDUHA3gMFdHEQg1zZSvcBUVzey5WaKWYRmqF1Uh: HTTPSConnectionPool(host='api.mainnet-beta.solana.com', port=443): Max retries exceeded with url: / (Caused by ConnectTimeoutError(<urllib3.connection.HTTPSConnection object at 0x000001F08FC01F90>, 'Connection to api.mainnet-beta.solana.com timed out. (connect timeout=None)'))
2025-04-13 08:59:30,489 - solana_scanner - INFO - Client disconnected. Total connections: 0
2025-04-13 08:59:32,085 - solana_scanner - INFO - Client connected. Total connections: 1
2025-04-13 09:59:30,798 - solana_scanner - INFO - Client disconnected. Total connections: 0
2025-04-13 09:59:32,083 - solana_scanner - INFO - Client connected. Total connections: 1
2025-04-13 10:29:30,325 - solana_scanner - INFO - Client disconnected. Total connections: 0
2025-04-13 10:29:34,428 - solana_scanner - INFO - Client connected. Total connections: 1
2025-04-13 10:33:07,300 - solana_scanner - INFO - Client disconnected. Total connections: 0
2025-04-13 10:33:11,466 - solana_scanner - INFO - Client connected. Total connections: 1
2025-04-13 10:34:26,288 - solana_scanner - INFO - Client disconnected. Total connections: 0
2025-04-13 10:34:31,397 - solana_scanner - INFO - Client connected. Total connections: 1
2025-04-13 10:36:10,814 - solana_scanner - INFO - Client disconnected. Total connections: 0
2025-04-13 10:36:13,326 - solana_scanner - INFO - Client connected. Total connections: 1
2025-04-13 10:36:49,229 - solana_scanner - INFO - Client disconnected. Total connections: 0
2025-04-13 10:36:52,156 - solana_scanner - INFO - Client connected. Total connections: 1
2025-04-13 10:37:42,791 - solana_scanner - INFO - Client disconnected. Total connections: 0
2025-04-13 10:37:45,319 - solana_scanner - INFO - Client connected. Total connections: 1
2025-04-13 10:38:18,299 - solana_scanner - INFO - Client disconnected. Total connections: 0
2025-04-13 10:38:20,381 - solana_scanner - INFO - Client connected. Total connections: 1
2025-04-13 10:59:31,304 - solana_scanner - INFO - Client disconnected. Total connections: 0
2025-04-13 10:59:32,064 - solana_scanner - INFO - Client connected. Total connections: 1
2025-04-13 11:09:24,798 - solana_scanner - INFO - Client disconnected. Total connections: 0
2025-04-13 11:09:30,717 - solana_scanner - INFO - Client connected. Total connections: 1
2025-04-13 11:10:41,219 - solana_scanner - INFO - Client disconnected. Total connections: 0
2025-04-13 11:10:53,813 - solana_scanner - INFO - Client connected. Total connections: 1
2025-04-13 11:10:54,559 - solana_scanner - INFO - Client disconnected. Total connections: 0
2025-04-13 11:10:57,441 - solana_scanner - INFO - Client connected. Total connections: 1
2025-04-13 11:50:27,386 - solana_scanner - INFO - Client disconnected. Total connections: 0
2025-04-13 12:22:47,566 - solana_scanner - ERROR - Unexpected response format: {'jsonrpc': '2.0', 'error': {'code': 429, 'message': 'Too many requests for a specific RPC call'}, 'id': 1}
2025-04-13 12:22:47,567 - solana_scanner - ERROR - Unexpected response format: {'jsonrpc': '2.0', 'error': {'code': 429, 'message': 'Too many requests for a specific RPC call'}, 'id': 1}
2025-04-13 12:22:48,285 - solana_scanner - ERROR - Unexpected response format: {'jsonrpc': '2.0', 'error': {'code': 429, 'message': 'Too many requests for a specific RPC call'}, 'id': 1}
2025-04-13 12:22:48,286 - solana_scanner - ERROR - Unexpected response format: {'jsonrpc': '2.0', 'error': {'code': 429, 'message': 'Too many requests for a specific RPC call'}, 'id': 1}
2025-04-13 12:22:48,894 - solana_scanner - ERROR - Unexpected response format for token accounts: {'jsonrpc': '2.0', 'error': {'code': 429, 'message': 'Too many requests for a specific RPC call'}, 'id': 1}
2025-04-13 12:22:48,895 - solana_scanner - ERROR - Unexpected response format for token accounts: {'jsonrpc': '2.0', 'error': {'code': 429, 'message': 'Too many requests for a specific RPC call'}, 'id': 1}
2025-04-13 12:22:50,122 - solana_scanner - ERROR - Unexpected response format: {'jsonrpc': '2.0', 'error': {'code': 429, 'message': 'Too many requests for a specific RPC call'}, 'id': 1}
2025-04-13 12:22:50,122 - solana_scanner - ERROR - Unexpected response format: {'jsonrpc': '2.0', 'error': {'code': 429, 'message': 'Too many requests for a specific RPC call'}, 'id': 1}
2025-04-13 12:22:50,688 - solana_scanner - ERROR - Unexpected response format: {'jsonrpc': '2.0', 'error': {'code': 429, 'message': 'Too many requests for a specific RPC call'}, 'id': 1}
2025-04-13 12:22:50,688 - solana_scanner - ERROR - Unexpected response format: {'jsonrpc': '2.0', 'error': {'code': 429, 'message': 'Too many requests for a specific RPC call'}, 'id': 1}
2025-04-13 12:22:51,457 - solana_scanner - ERROR - Unexpected response format for token accounts: {'jsonrpc': '2.0', 'error': {'code': 429, 'message': 'Too many requests for a specific RPC call'}, 'id': 1}
2025-04-13 12:22:51,457 - solana_scanner - ERROR - Unexpected response format for token accounts: {'jsonrpc': '2.0', 'error': {'code': 429, 'message': 'Too many requests for a specific RPC call'}, 'id': 1}
2025-04-13 12:22:52,687 - solana_scanner - ERROR - Unexpected response format: {'jsonrpc': '2.0', 'error': {'code': 429, 'message': 'Too many requests for a specific RPC call'}, 'id': 1}
2025-04-13 12:22:52,688 - solana_scanner - ERROR - Unexpected response format: {'jsonrpc': '2.0', 'error': {'code': 429, 'message': 'Too many requests for a specific RPC call'}, 'id': 1}
2025-04-13 12:22:53,297 - solana_scanner - ERROR - Unexpected response format: {'jsonrpc': '2.0', 'error': {'code': 429, 'message': 'Too many requests for a specific RPC call'}, 'id': 1}
2025-04-13 12:22:53,297 - solana_scanner - ERROR - Unexpected response format: {'jsonrpc': '2.0', 'error': {'code': 429, 'message': 'Too many requests for a specific RPC call'}, 'id': 1}
2025-04-13 12:22:53,912 - solana_scanner - ERROR - Unexpected response format for token accounts: {'jsonrpc': '2.0', 'error': {'code': 429, 'message': 'Too many requests for a specific RPC call'}, 'id': 1}
2025-04-13 12:22:53,913 - solana_scanner - ERROR - Unexpected response format for token accounts: {'jsonrpc': '2.0', 'error': {'code': 429, 'message': 'Too many requests for a specific RPC call'}, 'id': 1}
2025-04-13 12:22:55,002 - solana_scanner - ERROR - Unexpected response format: {'jsonrpc': '2.0', 'error': {'code': 429, 'message': 'Too many requests for a specific RPC call'}, 'id': 1}
2025-04-13 12:22:55,039 - solana_scanner - ERROR - Unexpected response format: {'jsonrpc': '2.0', 'error': {'code': 429, 'message': 'Too many requests for a specific RPC call'}, 'id': 1}
2025-04-13 12:22:55,481 - solana_scanner - ERROR - Unexpected response format: {'jsonrpc': '2.0', 'error': {'code': 429, 'message': 'Too many requests for a specific RPC call'}, 'id': 1}
2025-04-13 12:22:55,542 - solana_scanner - ERROR - Unexpected response format: {'jsonrpc': '2.0', 'error': {'code': 429, 'message': 'Too many requests for a specific RPC call'}, 'id': 1}
2025-04-13 12:22:55,943 - solana_scanner - ERROR - Unexpected response format for token accounts: {'jsonrpc': '2.0', 'error': {'code': 429, 'message': 'Too many requests for a specific RPC call'}, 'id': 1}
2025-04-13 12:22:56,032 - solana_scanner - ERROR - Unexpected response format for token accounts: {'jsonrpc': '2.0', 'error': {'code': 429, 'message': 'Too many requests for a specific RPC call'}, 'id': 1}
2025-04-13 12:22:57,176 - solana_scanner - ERROR - Unexpected response format: {'jsonrpc': '2.0', 'error': {'code': 429, 'message': 'Too many requests for a specific RPC call'}, 'id': 1}
2025-04-13 12:22:57,176 - solana_scanner - ERROR - Unexpected response format: {'jsonrpc': '2.0', 'error': {'code': 429, 'message': 'Too many requests for a specific RPC call'}, 'id': 1}
2025-04-13 12:22:57,803 - solana_scanner - ERROR - Unexpected response format: {'jsonrpc': '2.0', 'error': {'code': 429, 'message': 'Too many requests for a specific RPC call'}, 'id': 1}
2025-04-13 12:22:57,803 - solana_scanner - ERROR - Unexpected response format: {'jsonrpc': '2.0', 'error': {'code': 429, 'message': 'Too many requests for a specific RPC call'}, 'id': 1}
2025-04-13 12:22:58,419 - solana_scanner - ERROR - Unexpected response format for token accounts: {'jsonrpc': '2.0', 'error': {'code': 429, 'message': 'Too many requests for a specific RPC call'}, 'id': 1}
2025-04-13 12:22:58,420 - solana_scanner - ERROR - Unexpected response format for token accounts: {'jsonrpc': '2.0', 'error': {'code': 429, 'message': 'Too many requests for a specific RPC call'}, 'id': 1}
2025-04-13 12:23:03,574 - solana_scanner - INFO - Client connected. Total connections: 1
2025-04-13 12:43:31,274 - solana_scanner - INFO - Client disconnected. Total connections: 0
2025-04-14 04:08:34,288 - solana_scanner - ERROR - Unexpected response format: {'jsonrpc': '2.0', 'error': {'code': 429, 'message': 'Too many requests for a specific RPC call'}, 'id': 1}
2025-04-14 04:08:34,314 - solana_scanner - ERROR - Unexpected response format: {'jsonrpc': '2.0', 'error': {'code': 429, 'message': 'Too many requests for a specific RPC call'}, 'id': 1}
2025-04-14 04:08:34,861 - solana_scanner - ERROR - Unexpected response format: {'jsonrpc': '2.0', 'error': {'code': 429, 'message': 'Too many requests for a specific RPC call'}, 'id': 1}
2025-04-14 04:08:34,873 - solana_scanner - ERROR - Unexpected response format: {'jsonrpc': '2.0', 'error': {'code': 429, 'message': 'Too many requests for a specific RPC call'}, 'id': 1}
2025-04-14 04:08:35,378 - solana_scanner - ERROR - Unexpected response format for token accounts: {'jsonrpc': '2.0', 'error': {'code': 429, 'message': 'Too many requests for a specific RPC call'}, 'id': 1}
2025-04-14 04:08:35,424 - solana_scanner - ERROR - Unexpected response format for token accounts: {'jsonrpc': '2.0', 'error': {'code': 429, 'message': 'Too many requests for a specific RPC call'}, 'id': 1}
2025-04-14 04:08:36,422 - solana_scanner - ERROR - Unexpected response format: {'jsonrpc': '2.0', 'error': {'code': 429, 'message': 'Too many requests for a specific RPC call'}, 'id': 1}
2025-04-14 04:08:36,486 - solana_scanner - ERROR - Unexpected response format: {'jsonrpc': '2.0', 'error': {'code': 429, 'message': 'Too many requests for a specific RPC call'}, 'id': 1}
2025-04-14 04:08:36,967 - solana_scanner - ERROR - Unexpected response format: {'jsonrpc': '2.0', 'error': {'code': 429, 'message': 'Too many requests for a specific RPC call'}, 'id': 1}
2025-04-14 04:08:36,992 - solana_scanner - ERROR - Unexpected response format: {'jsonrpc': '2.0', 'error': {'code': 429, 'message': 'Too many requests for a specific RPC call'}, 'id': 1}
2025-04-14 04:08:37,458 - solana_scanner - ERROR - Unexpected response format for token accounts: {'jsonrpc': '2.0', 'error': {'code': 429, 'message': 'Too many requests for a specific RPC call'}, 'id': 1}
2025-04-14 04:08:37,510 - solana_scanner - ERROR - Unexpected response format for token accounts: {'jsonrpc': '2.0', 'error': {'code': 429, 'message': 'Too many requests for a specific RPC call'}, 'id': 1}
2025-04-14 04:08:38,437 - solana_scanner - ERROR - Unexpected response format: {'jsonrpc': '2.0', 'error': {'code': 429, 'message': 'Too many requests for a specific RPC call'}, 'id': 1}
2025-04-14 04:08:38,531 - solana_scanner - ERROR - Unexpected response format: {'jsonrpc': '2.0', 'error': {'code': 429, 'message': 'Too many requests for a specific RPC call'}, 'id': 1}
2025-04-14 04:08:38,973 - solana_scanner - ERROR - Unexpected response format: {'jsonrpc': '2.0', 'error': {'code': 429, 'message': 'Too many requests for a specific RPC call'}, 'id': 1}
2025-04-14 04:08:39,048 - solana_scanner - ERROR - Unexpected response format: {'jsonrpc': '2.0', 'error': {'code': 429, 'message': 'Too many requests for a specific RPC call'}, 'id': 1}
2025-04-14 04:08:39,498 - solana_scanner - ERROR - Unexpected response format for token accounts: {'jsonrpc': '2.0', 'error': {'code': 429, 'message': 'Too many requests for a specific RPC call'}, 'id': 1}
2025-04-14 04:08:39,576 - solana_scanner - ERROR - Unexpected response format for token accounts: {'jsonrpc': '2.0', 'error': {'code': 429, 'message': 'Too many requests for a specific RPC call'}, 'id': 1}
2025-04-14 04:08:40,586 - solana_scanner - ERROR - Unexpected response format: {'jsonrpc': '2.0', 'error': {'code': 429, 'message': 'Too many requests for a specific RPC call'}, 'id': 1}
2025-04-14 04:08:40,639 - solana_scanner - ERROR - Unexpected response format: {'jsonrpc': '2.0', 'error': {'code': 429, 'message': 'Too many requests for a specific RPC call'}, 'id': 1}
2025-04-14 04:08:41,124 - solana_scanner - ERROR - Unexpected response format: {'jsonrpc': '2.0', 'error': {'code': 429, 'message': 'Too many requests for a specific RPC call'}, 'id': 1}
2025-04-14 04:08:41,189 - solana_scanner - ERROR - Unexpected response format: {'jsonrpc': '2.0', 'error': {'code': 429, 'message': 'Too many requests for a specific RPC call'}, 'id': 1}
2025-04-14 04:08:41,637 - solana_scanner - ERROR - Unexpected response format for token accounts: {'jsonrpc': '2.0', 'error': {'code': 429, 'message': 'Too many requests for a specific RPC call'}, 'id': 1}
2025-04-14 04:08:41,722 - solana_scanner - ERROR - Unexpected response format for token accounts: {'jsonrpc': '2.0', 'error': {'code': 429, 'message': 'Too many requests for a specific RPC call'}, 'id': 1}
2025-04-14 04:08:42,699 - solana_scanner - ERROR - Unexpected response format: {'jsonrpc': '2.0', 'error': {'code': 429, 'message': 'Too many requests for a specific RPC call'}, 'id': 1}
2025-04-14 04:08:42,889 - solana_scanner - ERROR - Unexpected response format: {'jsonrpc': '2.0', 'error': {'code': 429, 'message': 'Too many requests for a specific RPC call'}, 'id': 1}
2025-04-14 04:08:43,228 - solana_scanner - ERROR - Unexpected response format: {'jsonrpc': '2.0', 'error': {'code': 429, 'message': 'Too many requests for a specific RPC call'}, 'id': 1}
2025-04-14 04:08:43,463 - solana_scanner - ERROR - Unexpected response format: {'jsonrpc': '2.0', 'error': {'code': 429, 'message': 'Too many requests for a specific RPC call'}, 'id': 1}
2025-04-14 04:08:43,751 - solana_scanner - ERROR - Unexpected response format for token accounts: {'jsonrpc': '2.0', 'error': {'code': 429, 'message': 'Too many requests for a specific RPC call'}, 'id': 1}
2025-04-14 04:08:43,943 - solana_scanner - ERROR - Unexpected response format for token accounts: {'jsonrpc': '2.0', 'error': {'code': 429, 'message': 'Too many requests for a specific RPC call'}, 'id': 1}
2025-04-14 04:08:49,969 - solana_scanner - INFO - Client connected. Total connections: 1
2025-04-14 06:53:45,687 - solana_scanner - ERROR - Unexpected response format: {'jsonrpc': '2.0', 'error': {'code': 429, 'message': 'Too many requests for a specific RPC call'}, 'id': 1}
2025-04-14 06:53:45,688 - solana_scanner - ERROR - Unexpected response format: {'jsonrpc': '2.0', 'error': {'code': 429, 'message': 'Too many requests for a specific RPC call'}, 'id': 1}
2025-04-14 06:53:46,303 - solana_scanner - ERROR - Unexpected response format: {'jsonrpc': '2.0', 'error': {'code': 429, 'message': 'Too many requests for a specific RPC call'}, 'id': 1}
2025-04-14 06:53:46,304 - solana_scanner - ERROR - Unexpected response format: {'jsonrpc': '2.0', 'error': {'code': 429, 'message': 'Too many requests for a specific RPC call'}, 'id': 1}
2025-04-14 06:53:46,921 - solana_scanner - ERROR - Unexpected response format for token accounts: {'jsonrpc': '2.0', 'error': {'code': 429, 'message': 'Too many requests for a specific RPC call'}, 'id': 1}
2025-04-14 06:53:46,921 - solana_scanner - ERROR - Unexpected response format for token accounts: {'jsonrpc': '2.0', 'error': {'code': 429, 'message': 'Too many requests for a specific RPC call'}, 'id': 1}
2025-04-14 06:53:48,113 - solana_scanner - ERROR - Unexpected response format: {'jsonrpc': '2.0', 'error': {'code': 429, 'message': 'Too many requests for a specific RPC call'}, 'id': 1}
2025-04-14 06:53:48,118 - solana_scanner - ERROR - Unexpected response format: {'jsonrpc': '2.0', 'error': {'code': 429, 'message': 'Too many requests for a specific RPC call'}, 'id': 1}
2025-04-14 06:53:48,758 - solana_scanner - ERROR - Unexpected response format: {'jsonrpc': '2.0', 'error': {'code': 429, 'message': 'Too many requests for a specific RPC call'}, 'id': 1}
2025-04-14 06:53:48,758 - solana_scanner - ERROR - Unexpected response format: {'jsonrpc': '2.0', 'error': {'code': 429, 'message': 'Too many requests for a specific RPC call'}, 'id': 1}
2025-04-14 06:53:49,373 - solana_scanner - ERROR - Unexpected response format for token accounts: {'jsonrpc': '2.0', 'error': {'code': 429, 'message': 'Too many requests for a specific RPC call'}, 'id': 1}
2025-04-14 06:53:49,377 - solana_scanner - ERROR - Unexpected response format for token accounts: {'jsonrpc': '2.0', 'error': {'code': 429, 'message': 'Too many requests for a specific RPC call'}, 'id': 1}
2025-04-14 06:53:50,806 - solana_scanner - ERROR - Unexpected response format: {'jsonrpc': '2.0', 'error': {'code': 429, 'message': 'Too many requests for a specific RPC call'}, 'id': 1}
2025-04-14 06:53:50,816 - solana_scanner - ERROR - Unexpected response format: {'jsonrpc': '2.0', 'error': {'code': 429, 'message': 'Too many requests for a specific RPC call'}, 'id': 1}
2025-04-14 06:53:51,289 - solana_scanner - ERROR - Unexpected response format: {'jsonrpc': '2.0', 'error': {'code': 429, 'message': 'Too many requests for a specific RPC call'}, 'id': 1}
2025-04-14 06:53:51,290 - solana_scanner - ERROR - Unexpected response format: {'jsonrpc': '2.0', 'error': {'code': 429, 'message': 'Too many requests for a specific RPC call'}, 'id': 1}
2025-04-14 06:53:51,837 - solana_scanner - ERROR - Unexpected response format for token accounts: {'jsonrpc': '2.0', 'error': {'code': 429, 'message': 'Too many requests for a specific RPC call'}, 'id': 1}
2025-04-14 06:53:51,838 - solana_scanner - ERROR - Unexpected response format for token accounts: {'jsonrpc': '2.0', 'error': {'code': 429, 'message': 'Too many requests for a specific RPC call'}, 'id': 1}
2025-04-14 06:53:53,268 - solana_scanner - ERROR - Unexpected response format: {'jsonrpc': '2.0', 'error': {'code': 429, 'message': 'Too many requests for a specific RPC call'}, 'id': 1}
2025-04-14 06:53:53,269 - solana_scanner - ERROR - Unexpected response format: {'jsonrpc': '2.0', 'error': {'code': 429, 'message': 'Too many requests for a specific RPC call'}, 'id': 1}
2025-04-14 06:53:54,084 - solana_scanner - ERROR - Unexpected response format: {'jsonrpc': '2.0', 'error': {'code': 429, 'message': 'Too many requests for a specific RPC call'}, 'id': 1}
2025-04-14 06:53:54,084 - solana_scanner - ERROR - Unexpected response format: {'jsonrpc': '2.0', 'error': {'code': 429, 'message': 'Too many requests for a specific RPC call'}, 'id': 1}
2025-04-14 06:53:54,658 - solana_scanner - ERROR - Unexpected response format for token accounts: {'jsonrpc': '2.0', 'error': {'code': 429, 'message': 'Too many requests for a specific RPC call'}, 'id': 1}
2025-04-14 06:53:54,674 - solana_scanner - ERROR - Unexpected response format for token accounts: {'jsonrpc': '2.0', 'error': {'code': 429, 'message': 'Too many requests for a specific RPC call'}, 'id': 1}
2025-04-14 06:53:55,929 - solana_scanner - ERROR - Unexpected response format: {'jsonrpc': '2.0', 'error': {'code': 429, 'message': 'Too many requests for a specific RPC call'}, 'id': 1}
2025-04-14 06:53:55,930 - solana_scanner - ERROR - Unexpected response format: {'jsonrpc': '2.0', 'error': {'code': 429, 'message': 'Too many requests for a specific RPC call'}, 'id': 1}
2025-04-14 06:53:56,546 - solana_scanner - ERROR - Unexpected response format: {'jsonrpc': '2.0', 'error': {'code': 429, 'message': 'Too many requests for a specific RPC call'}, 'id': 1}
2025-04-14 06:53:56,547 - solana_scanner - ERROR - Unexpected response format: {'jsonrpc': '2.0', 'error': {'code': 429, 'message': 'Too many requests for a specific RPC call'}, 'id': 1}
2025-04-14 06:53:57,157 - solana_scanner - ERROR - Unexpected response format for token accounts: {'jsonrpc': '2.0', 'error': {'code': 429, 'message': 'Too many requests for a specific RPC call'}, 'id': 1}
2025-04-14 06:53:57,158 - solana_scanner - ERROR - Unexpected response format for token accounts: {'jsonrpc': '2.0', 'error': {'code': 429, 'message': 'Too many requests for a specific RPC call'}, 'id': 1}
2025-04-14 06:54:41,125 - solana_scanner - INFO - Client connected. Total connections: 1
2025-04-14 06:54:54,955 - solana_scanner - INFO - Client disconnected. Total connections: 0
2025-04-14 06:54:56,191 - solana_scanner - INFO - Client connected. Total connections: 1
2025-04-14 07:08:28,930 - solana_scanner - ERROR - Unexpected response format: {'jsonrpc': '2.0', 'error': {'code': 429, 'message': 'Too many requests for a specific RPC call'}, 'id': 1}
2025-04-14 07:08:29,116 - solana_scanner - ERROR - Unexpected response format: {'jsonrpc': '2.0', 'error': {'code': 429, 'message': 'Too many requests for a specific RPC call'}, 'id': 1}
2025-04-14 07:08:29,548 - solana_scanner - ERROR - Unexpected response format: {'jsonrpc': '2.0', 'error': {'code': 429, 'message': 'Too many requests for a specific RPC call'}, 'id': 1}
2025-04-14 07:08:29,820 - solana_scanner - ERROR - Unexpected response format: {'jsonrpc': '2.0', 'error': {'code': 429, 'message': 'Too many requests for a specific RPC call'}, 'id': 1}
2025-04-14 07:08:30,237 - solana_scanner - ERROR - Unexpected response format for token accounts: {'jsonrpc': '2.0', 'error': {'code': 429, 'message': 'Too many requests for a specific RPC call'}, 'id': 1}
2025-04-14 07:08:30,431 - solana_scanner - ERROR - Unexpected response format for token accounts: {'jsonrpc': '2.0', 'error': {'code': 429, 'message': 'Too many requests for a specific RPC call'}, 'id': 1}
2025-04-14 07:08:31,455 - solana_scanner - ERROR - Unexpected response format: {'jsonrpc': '2.0', 'error': {'code': 429, 'message': 'Too many requests for a specific RPC call'}, 'id': 1}
2025-04-14 07:08:31,659 - solana_scanner - ERROR - Unexpected response format: {'jsonrpc': '2.0', 'error': {'code': 429, 'message': 'Too many requests for a specific RPC call'}, 'id': 1}
2025-04-14 07:08:32,077 - solana_scanner - ERROR - Unexpected response format: {'jsonrpc': '2.0', 'error': {'code': 429, 'message': 'Too many requests for a specific RPC call'}, 'id': 1}
2025-04-14 07:08:32,341 - solana_scanner - ERROR - Unexpected response format: {'jsonrpc': '2.0', 'error': {'code': 429, 'message': 'Too many requests for a specific RPC call'}, 'id': 1}
2025-04-14 07:08:32,683 - solana_scanner - ERROR - Unexpected response format for token accounts: {'jsonrpc': '2.0', 'error': {'code': 429, 'message': 'Too many requests for a specific RPC call'}, 'id': 1}
2025-04-14 07:08:32,895 - solana_scanner - ERROR - Unexpected response format for token accounts: {'jsonrpc': '2.0', 'error': {'code': 429, 'message': 'Too many requests for a specific RPC call'}, 'id': 1}
2025-04-14 07:08:33,785 - solana_scanner - ERROR - Unexpected response format: {'jsonrpc': '2.0', 'error': {'code': 429, 'message': 'Too many requests for a specific RPC call'}, 'id': 1}
2025-04-14 07:08:34,321 - solana_scanner - ERROR - Unexpected response format: {'jsonrpc': '2.0', 'error': {'code': 429, 'message': 'Too many requests for a specific RPC call'}, 'id': 1}
2025-04-14 07:08:34,527 - solana_scanner - ERROR - Unexpected response format: {'jsonrpc': '2.0', 'error': {'code': 429, 'message': 'Too many requests for a specific RPC call'}, 'id': 1}
2025-04-14 07:08:34,935 - solana_scanner - ERROR - Unexpected response format: {'jsonrpc': '2.0', 'error': {'code': 429, 'message': 'Too many requests for a specific RPC call'}, 'id': 1}
2025-04-14 07:08:35,140 - solana_scanner - ERROR - Unexpected response format for token accounts: {'jsonrpc': '2.0', 'error': {'code': 429, 'message': 'Too many requests for a specific RPC call'}, 'id': 1}
2025-04-14 07:08:35,553 - solana_scanner - ERROR - Unexpected response format for token accounts: {'jsonrpc': '2.0', 'error': {'code': 429, 'message': 'Too many requests for a specific RPC call'}, 'id': 1}
2025-04-14 07:08:36,312 - solana_scanner - ERROR - Unexpected response format: {'jsonrpc': '2.0', 'error': {'code': 429, 'message': 'Too many requests for a specific RPC call'}, 'id': 1}
2025-04-14 07:08:36,678 - solana_scanner - ERROR - Unexpected response format: {'jsonrpc': '2.0', 'error': {'code': 429, 'message': 'Too many requests for a specific RPC call'}, 'id': 1}
2025-04-14 07:08:36,892 - solana_scanner - ERROR - Unexpected response format: {'jsonrpc': '2.0', 'error': {'code': 429, 'message': 'Too many requests for a specific RPC call'}, 'id': 1}
2025-04-14 07:08:37,281 - solana_scanner - ERROR - Unexpected response format: {'jsonrpc': '2.0', 'error': {'code': 429, 'message': 'Too many requests for a specific RPC call'}, 'id': 1}
2025-04-14 07:08:37,597 - solana_scanner - ERROR - Unexpected response format for token accounts: {'jsonrpc': '2.0', 'error': {'code': 429, 'message': 'Too many requests for a specific RPC call'}, 'id': 1}
2025-04-14 07:08:38,091 - solana_scanner - ERROR - Unexpected response format for token accounts: {'jsonrpc': '2.0', 'error': {'code': 429, 'message': 'Too many requests for a specific RPC call'}, 'id': 1}
2025-04-14 07:08:38,763 - solana_scanner - ERROR - Unexpected response format: {'jsonrpc': '2.0', 'error': {'code': 429, 'message': 'Too many requests for a specific RPC call'}, 'id': 1}
2025-04-14 07:08:39,164 - solana_scanner - ERROR - Unexpected response format: {'jsonrpc': '2.0', 'error': {'code': 429, 'message': 'Too many requests for a specific RPC call'}, 'id': 1}
2025-04-14 07:08:39,321 - solana_scanner - ERROR - Unexpected response format: {'jsonrpc': '2.0', 'error': {'code': 429, 'message': 'Too many requests for a specific RPC call'}, 'id': 1}
2025-04-14 07:08:39,761 - solana_scanner - ERROR - Unexpected response format: {'jsonrpc': '2.0', 'error': {'code': 429, 'message': 'Too many requests for a specific RPC call'}, 'id': 1}
2025-04-14 07:08:39,953 - solana_scanner - ERROR - Unexpected response format for token accounts: {'jsonrpc': '2.0', 'error': {'code': 429, 'message': 'Too many requests for a specific RPC call'}, 'id': 1}
2025-04-14 07:08:40,378 - solana_scanner - ERROR - Unexpected response format for token accounts: {'jsonrpc': '2.0', 'error': {'code': 429, 'message': 'Too many requests for a specific RPC call'}, 'id': 1}
2025-04-14 07:08:43,757 - solana_scanner - INFO - Client connected. Total connections: 1
2025-04-14 12:36:54,167 - solana_scanner - ERROR - Unexpected response format: {'jsonrpc': '2.0', 'error': {'code': 429, 'message': 'Too many requests for a specific RPC call'}, 'id': 1}
2025-04-14 12:36:54,759 - solana_scanner - ERROR - Unexpected response format: {'jsonrpc': '2.0', 'error': {'code': 429, 'message': 'Too many requests for a specific RPC call'}, 'id': 1}
2025-04-14 12:36:55,445 - solana_scanner - ERROR - Unexpected response format: {'jsonrpc': '2.0', 'error': {'code': 429, 'message': 'Too many requests for a specific RPC call'}, 'id': 1}
2025-04-14 12:36:55,576 - solana_scanner - ERROR - Unexpected response format: {'jsonrpc': '2.0', 'error': {'code': 429, 'message': 'Too many requests for a specific RPC call'}, 'id': 1}
2025-04-14 12:36:56,162 - solana_scanner - ERROR - Unexpected response format for token accounts: {'jsonrpc': '2.0', 'error': {'code': 429, 'message': 'Too many requests for a specific RPC call'}, 'id': 1}
2025-04-14 12:36:56,266 - solana_scanner - ERROR - Unexpected response format for token accounts: {'jsonrpc': '2.0', 'error': {'code': 429, 'message': 'Too many requests for a specific RPC call'}, 'id': 1}
2025-04-14 12:36:57,561 - solana_scanner - ERROR - Unexpected response format: {'jsonrpc': '2.0', 'error': {'code': 429, 'message': 'Too many requests for a specific RPC call'}, 'id': 1}
2025-04-14 12:36:57,561 - solana_scanner - ERROR - Unexpected response format: {'jsonrpc': '2.0', 'error': {'code': 429, 'message': 'Too many requests for a specific RPC call'}, 'id': 1}
2025-04-14 12:36:58,284 - solana_scanner - ERROR - Unexpected response format: {'jsonrpc': '2.0', 'error': {'code': 429, 'message': 'Too many requests for a specific RPC call'}, 'id': 1}
2025-04-14 12:36:58,311 - solana_scanner - ERROR - Unexpected response format: {'jsonrpc': '2.0', 'error': {'code': 429, 'message': 'Too many requests for a specific RPC call'}, 'id': 1}
2025-04-14 12:36:58,853 - solana_scanner - ERROR - Unexpected response format for token accounts: {'jsonrpc': '2.0', 'error': {'code': 429, 'message': 'Too many requests for a specific RPC call'}, 'id': 1}
2025-04-14 12:36:58,932 - solana_scanner - ERROR - Unexpected response format for token accounts: {'jsonrpc': '2.0', 'error': {'code': 429, 'message': 'Too many requests for a specific RPC call'}, 'id': 1}
2025-04-14 12:37:00,018 - solana_scanner - ERROR - Unexpected response format: {'jsonrpc': '2.0', 'error': {'code': 429, 'message': 'Too many requests for a specific RPC call'}, 'id': 1}
2025-04-14 12:37:00,062 - solana_scanner - ERROR - Unexpected response format: {'jsonrpc': '2.0', 'error': {'code': 429, 'message': 'Too many requests for a specific RPC call'}, 'id': 1}
2025-04-14 12:37:00,516 - solana_scanner - ERROR - Unexpected response format: {'jsonrpc': '2.0', 'error': {'code': 429, 'message': 'Too many requests for a specific RPC call'}, 'id': 1}
2025-04-14 12:37:00,580 - solana_scanner - ERROR - Unexpected response format: {'jsonrpc': '2.0', 'error': {'code': 429, 'message': 'Too many requests for a specific RPC call'}, 'id': 1}
2025-04-14 12:37:01,032 - solana_scanner - ERROR - Unexpected response format for token accounts: {'jsonrpc': '2.0', 'error': {'code': 429, 'message': 'Too many requests for a specific RPC call'}, 'id': 1}
2025-04-14 12:37:01,071 - solana_scanner - ERROR - Unexpected response format for token accounts: {'jsonrpc': '2.0', 'error': {'code': 429, 'message': 'Too many requests for a specific RPC call'}, 'id': 1}
2025-04-14 12:37:01,984 - solana_scanner - ERROR - Unexpected response format: {'jsonrpc': '2.0', 'error': {'code': 429, 'message': 'Too many requests for a specific RPC call'}, 'id': 1}
2025-04-14 12:37:02,102 - solana_scanner - ERROR - Unexpected response format: {'jsonrpc': '2.0', 'error': {'code': 429, 'message': 'Too many requests for a specific RPC call'}, 'id': 1}
2025-04-14 12:37:02,506 - solana_scanner - ERROR - Unexpected response format: {'jsonrpc': '2.0', 'error': {'code': 429, 'message': 'Too many requests for a specific RPC call'}, 'id': 1}
2025-04-14 12:37:02,590 - solana_scanner - ERROR - Unexpected response format: {'jsonrpc': '2.0', 'error': {'code': 429, 'message': 'Too many requests for a specific RPC call'}, 'id': 1}
2025-04-14 12:37:03,028 - solana_scanner - ERROR - Unexpected response format for token accounts: {'jsonrpc': '2.0', 'error': {'code': 429, 'message': 'Too many requests for a specific RPC call'}, 'id': 1}
2025-04-14 12:37:03,186 - solana_scanner - ERROR - Unexpected response format for token accounts: {'jsonrpc': '2.0', 'error': {'code': 429, 'message': 'Too many requests for a specific RPC call'}, 'id': 1}
2025-04-14 12:37:04,143 - solana_scanner - ERROR - Unexpected response format: {'jsonrpc': '2.0', 'error': {'code': 429, 'message': 'Too many requests for a specific RPC call'}, 'id': 1}
2025-04-14 12:37:04,198 - solana_scanner - ERROR - Unexpected response format: {'jsonrpc': '2.0', 'error': {'code': 429, 'message': 'Too many requests for a specific RPC call'}, 'id': 1}
2025-04-14 12:37:04,695 - solana_scanner - ERROR - Unexpected response format: {'jsonrpc': '2.0', 'error': {'code': 429, 'message': 'Too many requests for a specific RPC call'}, 'id': 1}
2025-04-14 12:37:04,715 - solana_scanner - ERROR - Unexpected response format: {'jsonrpc': '2.0', 'error': {'code': 429, 'message': 'Too many requests for a specific RPC call'}, 'id': 1}
2025-04-14 12:37:05,185 - solana_scanner - ERROR - Unexpected response format for token accounts: {'jsonrpc': '2.0', 'error': {'code': 429, 'message': 'Too many requests for a specific RPC call'}, 'id': 1}
2025-04-14 12:37:05,224 - solana_scanner - ERROR - Unexpected response format for token accounts: {'jsonrpc': '2.0', 'error': {'code': 429, 'message': 'Too many requests for a specific RPC call'}, 'id': 1}
2025-04-14 12:37:08,020 - solana_scanner - INFO - Client connected. Total connections: 1
2025-04-14 12:54:00,271 - solana_scanner - INFO - Client disconnected. Total connections: 0
2025-04-14 13:01:16,929 - solana_scanner - ERROR - Unexpected response format: {'jsonrpc': '2.0', 'error': {'code': 429, 'message': 'Too many requests for a specific RPC call'}, 'id': 1}
2025-04-14 13:01:16,954 - solana_scanner - ERROR - Unexpected response format: {'jsonrpc': '2.0', 'error': {'code': 429, 'message': 'Too many requests for a specific RPC call'}, 'id': 1}
2025-04-14 13:01:17,412 - solana_scanner - ERROR - Unexpected response format: {'jsonrpc': '2.0', 'error': {'code': 429, 'message': 'Too many requests for a specific RPC call'}, 'id': 1}
2025-04-14 13:01:17,453 - solana_scanner - ERROR - Unexpected response format: {'jsonrpc': '2.0', 'error': {'code': 429, 'message': 'Too many requests for a specific RPC call'}, 'id': 1}
2025-04-14 13:01:17,892 - solana_scanner - ERROR - Unexpected response format for token accounts: {'jsonrpc': '2.0', 'error': {'code': 429, 'message': 'Too many requests for a specific RPC call'}, 'id': 1}
2025-04-14 13:01:17,932 - solana_scanner - ERROR - Unexpected response format for token accounts: {'jsonrpc': '2.0', 'error': {'code': 429, 'message': 'Too many requests for a specific RPC call'}, 'id': 1}
2025-04-14 13:01:18,858 - solana_scanner - ERROR - Unexpected response format: {'jsonrpc': '2.0', 'error': {'code': 429, 'message': 'Too many requests for a specific RPC call'}, 'id': 1}
2025-04-14 13:01:18,938 - solana_scanner - ERROR - Unexpected response format: {'jsonrpc': '2.0', 'error': {'code': 429, 'message': 'Too many requests for a specific RPC call'}, 'id': 1}
2025-04-14 13:01:19,373 - solana_scanner - ERROR - Unexpected response format: {'jsonrpc': '2.0', 'error': {'code': 429, 'message': 'Too many requests for a specific RPC call'}, 'id': 1}
2025-04-14 13:01:19,413 - solana_scanner - ERROR - Unexpected response format: {'jsonrpc': '2.0', 'error': {'code': 429, 'message': 'Too many requests for a specific RPC call'}, 'id': 1}
2025-04-14 13:01:19,853 - solana_scanner - ERROR - Unexpected response format for token accounts: {'jsonrpc': '2.0', 'error': {'code': 429, 'message': 'Too many requests for a specific RPC call'}, 'id': 1}
2025-04-14 13:01:19,892 - solana_scanner - ERROR - Unexpected response format for token accounts: {'jsonrpc': '2.0', 'error': {'code': 429, 'message': 'Too many requests for a specific RPC call'}, 'id': 1}
2025-04-14 13:01:20,877 - solana_scanner - ERROR - Unexpected response format: {'jsonrpc': '2.0', 'error': {'code': 429, 'message': 'Too many requests for a specific RPC call'}, 'id': 1}
2025-04-14 13:01:20,937 - solana_scanner - ERROR - Unexpected response format: {'jsonrpc': '2.0', 'error': {'code': 429, 'message': 'Too many requests for a specific RPC call'}, 'id': 1}
2025-04-14 13:01:21,349 - solana_scanner - ERROR - Unexpected response format: {'jsonrpc': '2.0', 'error': {'code': 429, 'message': 'Too many requests for a specific RPC call'}, 'id': 1}
2025-04-14 13:01:21,434 - solana_scanner - ERROR - Unexpected response format: {'jsonrpc': '2.0', 'error': {'code': 429, 'message': 'Too many requests for a specific RPC call'}, 'id': 1}
2025-04-14 13:01:21,827 - solana_scanner - ERROR - Unexpected response format for token accounts: {'jsonrpc': '2.0', 'error': {'code': 429, 'message': 'Too many requests for a specific RPC call'}, 'id': 1}
2025-04-14 13:01:21,898 - solana_scanner - ERROR - Unexpected response format for token accounts: {'jsonrpc': '2.0', 'error': {'code': 429, 'message': 'Too many requests for a specific RPC call'}, 'id': 1}
2025-04-14 13:01:22,794 - solana_scanner - ERROR - Unexpected response format: {'jsonrpc': '2.0', 'error': {'code': 429, 'message': 'Too many requests for a specific RPC call'}, 'id': 1}
2025-04-14 13:01:22,944 - solana_scanner - ERROR - Unexpected response format: {'jsonrpc': '2.0', 'error': {'code': 429, 'message': 'Too many requests for a specific RPC call'}, 'id': 1}
2025-04-14 13:01:23,257 - solana_scanner - ERROR - Unexpected response format: {'jsonrpc': '2.0', 'error': {'code': 429, 'message': 'Too many requests for a specific RPC call'}, 'id': 1}
2025-04-14 13:01:23,453 - solana_scanner - ERROR - Unexpected response format: {'jsonrpc': '2.0', 'error': {'code': 429, 'message': 'Too many requests for a specific RPC call'}, 'id': 1}
2025-04-14 13:01:23,750 - solana_scanner - ERROR - Unexpected response format for token accounts: {'jsonrpc': '2.0', 'error': {'code': 429, 'message': 'Too many requests for a specific RPC call'}, 'id': 1}
2025-04-14 13:01:24,101 - solana_scanner - ERROR - Unexpected response format for token accounts: {'jsonrpc': '2.0', 'error': {'code': 429, 'message': 'Too many requests for a specific RPC call'}, 'id': 1}
2025-04-14 13:01:24,794 - solana_scanner - ERROR - Unexpected response format: {'jsonrpc': '2.0', 'error': {'code': 429, 'message': 'Too many requests for a specific RPC call'}, 'id': 1}
2025-04-14 13:01:25,085 - solana_scanner - ERROR - Unexpected response format: {'jsonrpc': '2.0', 'error': {'code': 429, 'message': 'Too many requests for a specific RPC call'}, 'id': 1}
2025-04-14 13:01:25,287 - solana_scanner - ERROR - Unexpected response format: {'jsonrpc': '2.0', 'error': {'code': 429, 'message': 'Too many requests for a specific RPC call'}, 'id': 1}
2025-04-14 13:01:25,590 - solana_scanner - ERROR - Unexpected response format: {'jsonrpc': '2.0', 'error': {'code': 429, 'message': 'Too many requests for a specific RPC call'}, 'id': 1}
2025-04-14 13:01:25,782 - solana_scanner - ERROR - Unexpected response format for token accounts: {'jsonrpc': '2.0', 'error': {'code': 429, 'message': 'Too many requests for a specific RPC call'}, 'id': 1}
2025-04-14 13:01:26,088 - solana_scanner - ERROR - Unexpected response format for token accounts: {'jsonrpc': '2.0', 'error': {'code': 429, 'message': 'Too many requests for a specific RPC call'}, 'id': 1}
2025-04-14 13:01:26,110 - solana_scanner - INFO - Client connected. Total connections: 1
2025-04-14 13:33:26,814 - solana_scanner - INFO - Client disconnected. Total connections: 0
2025-04-14 13:33:28,047 - solana_scanner - INFO - Client connected. Total connections: 1
2025-04-14 13:46:28,478 - solana_scanner - INFO - Client disconnected. Total connections: 0
2025-04-23 06:55:01,556 - solana_scanner - ERROR - Unexpected response format: {'jsonrpc': '2.0', 'error': {'code': 429, 'message': 'Too many requests for a specific RPC call'}, 'id': 1}
2025-04-23 06:55:01,693 - solana_scanner - ERROR - Unexpected response format: {'jsonrpc': '2.0', 'error': {'code': 429, 'message': 'Too many requests for a specific RPC call'}, 'id': 1}
2025-04-23 06:55:02,120 - solana_scanner - ERROR - Unexpected response format: {'jsonrpc': '2.0', 'error': {'code': 429, 'message': 'Too many requests for a specific RPC call'}, 'id': 1}
2025-04-23 06:55:02,216 - solana_scanner - ERROR - Unexpected response format: {'jsonrpc': '2.0', 'error': {'code': 429, 'message': 'Too many requests for a specific RPC call'}, 'id': 1}
2025-04-23 06:55:02,664 - solana_scanner - ERROR - Unexpected response format for token accounts: {'jsonrpc': '2.0', 'error': {'code': 429, 'message': 'Too many requests for a specific RPC call'}, 'id': 1}
2025-04-23 06:55:02,689 - solana_scanner - ERROR - Unexpected response format for token accounts: {'jsonrpc': '2.0', 'error': {'code': 429, 'message': 'Too many requests for a specific RPC call'}, 'id': 1}
2025-04-23 06:55:03,892 - solana_scanner - ERROR - Unexpected response format: {'jsonrpc': '2.0', 'error': {'code': 429, 'message': 'Too many requests for a specific RPC call'}, 'id': 1}
2025-04-23 06:55:03,901 - solana_scanner - ERROR - Unexpected response format: {'jsonrpc': '2.0', 'error': {'code': 429, 'message': 'Too many requests for a specific RPC call'}, 'id': 1}
2025-04-23 06:55:04,600 - solana_scanner - ERROR - Unexpected response format: {'jsonrpc': '2.0', 'error': {'code': 429, 'message': 'Too many requests for a specific RPC call'}, 'id': 1}
2025-04-23 06:55:04,610 - solana_scanner - ERROR - Unexpected response format: {'jsonrpc': '2.0', 'error': {'code': 429, 'message': 'Too many requests for a specific RPC call'}, 'id': 1}
2025-04-23 06:55:05,272 - solana_scanner - ERROR - Unexpected response format for token accounts: {'jsonrpc': '2.0', 'error': {'code': 429, 'message': 'Too many requests for a specific RPC call'}, 'id': 1}
2025-04-23 06:55:05,329 - solana_scanner - ERROR - Unexpected response format for token accounts: {'jsonrpc': '2.0', 'error': {'code': 429, 'message': 'Too many requests for a specific RPC call'}, 'id': 1}
2025-04-23 06:55:07,494 - solana_scanner - ERROR - Unexpected response format: {'jsonrpc': '2.0', 'error': {'code': 429, 'message': 'Too many requests for a specific RPC call'}, 'id': 1}
2025-04-23 06:55:07,732 - solana_scanner - ERROR - Unexpected response format: {'jsonrpc': '2.0', 'error': {'code': 429, 'message': 'Too many requests for a specific RPC call'}, 'id': 1}
2025-04-23 06:55:08,775 - solana_scanner - ERROR - Unexpected response format: {'jsonrpc': '2.0', 'error': {'code': 429, 'message': 'Too many requests for a specific RPC call'}, 'id': 1}
2025-04-23 06:55:09,027 - solana_scanner - ERROR - Unexpected response format: {'jsonrpc': '2.0', 'error': {'code': 429, 'message': 'Too many requests for a specific RPC call'}, 'id': 1}
2025-04-23 06:55:10,078 - solana_scanner - ERROR - Unexpected response format for token accounts: {'jsonrpc': '2.0', 'error': {'code': 429, 'message': 'Too many requests for a specific RPC call'}, 'id': 1}
2025-04-23 06:55:10,205 - solana_scanner - ERROR - Unexpected response format for token accounts: {'jsonrpc': '2.0', 'error': {'code': 429, 'message': 'Too many requests for a specific RPC call'}, 'id': 1}
2025-04-23 06:55:11,613 - solana_scanner - ERROR - Unexpected response format: {'jsonrpc': '2.0', 'error': {'code': 429, 'message': 'Too many requests for a specific RPC call'}, 'id': 1}
2025-04-23 06:55:11,613 - solana_scanner - ERROR - Unexpected response format: {'jsonrpc': '2.0', 'error': {'code': 429, 'message': 'Too many requests for a specific RPC call'}, 'id': 1}
2025-04-23 06:55:12,177 - solana_scanner - ERROR - Unexpected response format: {'jsonrpc': '2.0', 'error': {'code': 429, 'message': 'Too many requests for a specific RPC call'}, 'id': 1}
2025-04-23 06:55:12,300 - solana_scanner - ERROR - Unexpected response format: {'jsonrpc': '2.0', 'error': {'code': 429, 'message': 'Too many requests for a specific RPC call'}, 'id': 1}
2025-04-23 06:55:13,153 - solana_scanner - ERROR - Unexpected response format for token accounts: {'jsonrpc': '2.0', 'error': {'code': 429, 'message': 'Too many requests for a specific RPC call'}, 'id': 1}
2025-04-23 06:55:13,299 - solana_scanner - ERROR - Unexpected response format for token accounts: {'jsonrpc': '2.0', 'error': {'code': 429, 'message': 'Too many requests for a specific RPC call'}, 'id': 1}
2025-04-23 06:55:14,759 - solana_scanner - ERROR - Unexpected response format: {'jsonrpc': '2.0', 'error': {'code': 429, 'message': 'Too many requests for a specific RPC call'}, 'id': 1}
2025-04-23 06:55:15,251 - solana_scanner - ERROR - Unexpected response format: {'jsonrpc': '2.0', 'error': {'code': 429, 'message': 'Too many requests for a specific RPC call'}, 'id': 1}
2025-04-23 06:55:16,167 - solana_scanner - ERROR - Unexpected response format: {'jsonrpc': '2.0', 'error': {'code': 429, 'message': 'Too many requests for a specific RPC call'}, 'id': 1}
2025-04-23 06:55:16,721 - solana_scanner - ERROR - Unexpected response format: {'jsonrpc': '2.0', 'error': {'code': 429, 'message': 'Too many requests for a specific RPC call'}, 'id': 1}
2025-04-23 06:55:17,344 - solana_scanner - ERROR - Unexpected response format for token accounts: {'jsonrpc': '2.0', 'error': {'code': 429, 'message': 'Too many requests for a specific RPC call'}, 'id': 1}
2025-04-23 06:55:18,010 - solana_scanner - ERROR - Unexpected response format for token accounts: {'jsonrpc': '2.0', 'error': {'code': 429, 'message': 'Too many requests for a specific RPC call'}, 'id': 1}
2025-04-23 07:21:15,250 - solana_scanner - ERROR - Unexpected response format: {'jsonrpc': '2.0', 'error': {'code': 429, 'message': 'Too many requests for a specific RPC call'}, 'id': 1}
2025-04-23 07:21:15,410 - solana_scanner - ERROR - Unexpected response format: {'jsonrpc': '2.0', 'error': {'code': 429, 'message': 'Too many requests for a specific RPC call'}, 'id': 1}
2025-04-23 07:21:15,759 - solana_scanner - ERROR - Unexpected response format: {'jsonrpc': '2.0', 'error': {'code': 429, 'message': 'Too many requests for a specific RPC call'}, 'id': 1}
2025-04-23 07:21:15,934 - solana_scanner - ERROR - Unexpected response format: {'jsonrpc': '2.0', 'error': {'code': 429, 'message': 'Too many requests for a specific RPC call'}, 'id': 1}
2025-04-23 07:21:16,265 - solana_scanner - ERROR - Unexpected response format for token accounts: {'jsonrpc': '2.0', 'error': {'code': 429, 'message': 'Too many requests for a specific RPC call'}, 'id': 1}
2025-04-23 07:21:16,441 - solana_scanner - ERROR - Unexpected response format for token accounts: {'jsonrpc': '2.0', 'error': {'code': 429, 'message': 'Too many requests for a specific RPC call'}, 'id': 1}
2025-04-23 07:21:17,331 - solana_scanner - ERROR - Unexpected response format: {'jsonrpc': '2.0', 'error': {'code': 429, 'message': 'Too many requests for a specific RPC call'}, 'id': 1}
2025-04-23 07:21:17,520 - solana_scanner - ERROR - Unexpected response format: {'jsonrpc': '2.0', 'error': {'code': 429, 'message': 'Too many requests for a specific RPC call'}, 'id': 1}
2025-04-23 07:21:17,842 - solana_scanner - ERROR - Unexpected response format: {'jsonrpc': '2.0', 'error': {'code': 429, 'message': 'Too many requests for a specific RPC call'}, 'id': 1}
2025-04-23 07:21:18,046 - solana_scanner - ERROR - Unexpected response format: {'jsonrpc': '2.0', 'error': {'code': 429, 'message': 'Too many requests for a specific RPC call'}, 'id': 1}
2025-04-23 07:21:18,341 - solana_scanner - ERROR - Unexpected response format for token accounts: {'jsonrpc': '2.0', 'error': {'code': 429, 'message': 'Too many requests for a specific RPC call'}, 'id': 1}
2025-04-23 07:21:18,539 - solana_scanner - ERROR - Unexpected response format for token accounts: {'jsonrpc': '2.0', 'error': {'code': 429, 'message': 'Too many requests for a specific RPC call'}, 'id': 1}
2025-04-23 07:21:19,459 - solana_scanner - ERROR - Unexpected response format: {'jsonrpc': '2.0', 'error': {'code': 429, 'message': 'Too many requests for a specific RPC call'}, 'id': 1}
2025-04-23 07:21:19,604 - solana_scanner - ERROR - Unexpected response format: {'jsonrpc': '2.0', 'error': {'code': 429, 'message': 'Too many requests for a specific RPC call'}, 'id': 1}
2025-04-23 07:21:19,985 - solana_scanner - ERROR - Unexpected response format: {'jsonrpc': '2.0', 'error': {'code': 429, 'message': 'Too many requests for a specific RPC call'}, 'id': 1}
2025-04-23 07:21:20,119 - solana_scanner - ERROR - Unexpected response format: {'jsonrpc': '2.0', 'error': {'code': 429, 'message': 'Too many requests for a specific RPC call'}, 'id': 1}
2025-04-23 07:21:20,500 - solana_scanner - ERROR - Unexpected response format for token accounts: {'jsonrpc': '2.0', 'error': {'code': 429, 'message': 'Too many requests for a specific RPC call'}, 'id': 1}
2025-04-23 07:21:20,690 - solana_scanner - ERROR - Unexpected response format for token accounts: {'jsonrpc': '2.0', 'error': {'code': 429, 'message': 'Too many requests for a specific RPC call'}, 'id': 1}
2025-04-23 07:21:21,599 - solana_scanner - ERROR - Unexpected response format: {'jsonrpc': '2.0', 'error': {'code': 429, 'message': 'Too many requests for a specific RPC call'}, 'id': 1}
2025-04-23 07:21:21,785 - solana_scanner - ERROR - Unexpected response format: {'jsonrpc': '2.0', 'error': {'code': 429, 'message': 'Too many requests for a specific RPC call'}, 'id': 1}
2025-04-23 07:21:22,235 - solana_scanner - ERROR - Unexpected response format: {'jsonrpc': '2.0', 'error': {'code': 429, 'message': 'Too many requests for a specific RPC call'}, 'id': 1}
2025-04-23 07:21:22,413 - solana_scanner - ERROR - Unexpected response format: {'jsonrpc': '2.0', 'error': {'code': 429, 'message': 'Too many requests for a specific RPC call'}, 'id': 1}
2025-04-23 07:21:22,754 - solana_scanner - ERROR - Unexpected response format for token accounts: {'jsonrpc': '2.0', 'error': {'code': 429, 'message': 'Too many requests for a specific RPC call'}, 'id': 1}
2025-04-23 07:21:22,942 - solana_scanner - ERROR - Unexpected response format for token accounts: {'jsonrpc': '2.0', 'error': {'code': 429, 'message': 'Too many requests for a specific RPC call'}, 'id': 1}
2025-04-23 07:21:23,874 - solana_scanner - ERROR - Unexpected response format: {'jsonrpc': '2.0', 'error': {'code': 429, 'message': 'Too many requests for a specific RPC call'}, 'id': 1}
2025-04-23 07:21:24,069 - solana_scanner - ERROR - Unexpected response format: {'jsonrpc': '2.0', 'error': {'code': 429, 'message': 'Too many requests for a specific RPC call'}, 'id': 1}
2025-04-23 07:21:24,386 - solana_scanner - ERROR - Unexpected response format: {'jsonrpc': '2.0', 'error': {'code': 429, 'message': 'Too many requests for a specific RPC call'}, 'id': 1}
2025-04-23 07:21:24,628 - solana_scanner - ERROR - Unexpected response format: {'jsonrpc': '2.0', 'error': {'code': 429, 'message': 'Too many requests for a specific RPC call'}, 'id': 1}
2025-04-23 07:21:24,971 - solana_scanner - ERROR - Unexpected response format for token accounts: {'jsonrpc': '2.0', 'error': {'code': 429, 'message': 'Too many requests for a specific RPC call'}, 'id': 1}
2025-04-23 07:21:25,139 - solana_scanner - ERROR - Unexpected response format for token accounts: {'jsonrpc': '2.0', 'error': {'code': 429, 'message': 'Too many requests for a specific RPC call'}, 'id': 1}
2025-04-23 07:21:59,464 - solana_scanner - INFO - Client connected. Total connections: 1
2025-04-23 07:24:37,723 - solana_scanner - INFO - Client disconnected. Total connections: 0
2025-04-23 07:36:19,314 - solana_scanner - INFO - Client connected. Total connections: 1
2025-04-23 07:49:54,959 - solana_scanner - INFO - Client disconnected. Total connections: 0
2025-04-23 07:49:57,544 - solana_scanner - INFO - Client connected. Total connections: 1
2025-04-23 07:50:03,533 - solana_scanner - INFO - Client disconnected. Total connections: 0
2025-04-23 07:50:21,370 - solana_scanner - INFO - Client connected. Total connections: 1
2025-04-23 07:50:21,577 - solana_scanner - INFO - Client disconnected. Total connections: 0
2025-04-23 07:50:23,242 - solana_scanner - INFO - Client connected. Total connections: 1
2025-04-23 07:51:45,658 - solana_scanner - INFO - Client disconnected. Total connections: 0
2025-04-23 07:51:47,032 - solana_scanner - INFO - Client connected. Total connections: 1
2025-04-23 08:19:52,239 - solana_scanner - INFO - Client disconnected. Total connections: 0
2025-04-23 08:19:53,822 - solana_scanner - INFO - Client connected. Total connections: 1
2025-04-23 08:41:38,255 - solana_scanner - INFO - Client disconnected. Total connections: 0
